{"/Users/archanray/xynes-gateway/src/app.ts": {"path":"/Users/archanray/xynes-gateway/src/app.ts","statementMap":{"0":{"start":{"line":11,"column":25},"end":{"line":55,"column":null}},"1":{"start":{"line":12,"column":14},"end":{"line":12,"column":null}},"2":{"start":{"line":15,"column":2},"end":{"line":15,"column":null}},"3":{"start":{"line":16,"column":2},"end":{"line":16,"column":null}},"4":{"start":{"line":19,"column":2},"end":{"line":19,"column":null}},"5":{"start":{"line":19,"column":28},"end":{"line":19,"column":52}},"6":{"start":{"line":22,"column":23},"end":{"line":22,"column":null}},"7":{"start":{"line":25,"column":33},"end":{"line":44,"column":null}},"8":{"start":{"line":46,"column":26},"end":{"line":46,"column":null}},"9":{"start":{"line":47,"column":17},"end":{"line":47,"column":null}},"10":{"start":{"line":49,"column":24},"end":{"line":49,"column":null}},"11":{"start":{"line":52,"column":2},"end":{"line":52,"column":null}},"12":{"start":{"line":54,"column":2},"end":{"line":54,"column":null}}},"fnMap":{"0":{"name":"(anonymous_0)","decl":{"start":{"line":11,"column":25},"end":{"line":11,"column":37}},"loc":{"start":{"line":11,"column":37},"end":{"line":55,"column":null}},"line":11},"1":{"name":"(anonymous_1)","decl":{"start":{"line":19,"column":21},"end":{"line":19,"column":22}},"loc":{"start":{"line":19,"column":28},"end":{"line":19,"column":52}},"line":19}},"branchMap":{},"s":{"0":1,"1":3,"2":3,"3":3,"4":3,"5":1,"6":3,"7":3,"8":3,"9":3,"10":3,"11":3,"12":3},"f":{"0":3,"1":1},"b":{},"meta":{"lastBranch":0,"lastFunction":2,"lastStatement":13,"seen":{"s:11:25:55:Infinity":0,"f:11:25:11:37":0,"s:12:14:12:Infinity":1,"s:15:2:15:Infinity":2,"s:16:2:16:Infinity":3,"s:19:2:19:Infinity":4,"f:19:21:19:22":1,"s:19:28:19:52":5,"s:22:23:22:Infinity":6,"s:25:33:44:Infinity":7,"s:46:26:46:Infinity":8,"s:47:17:47:Infinity":9,"s:49:24:49:Infinity":10,"s:52:2:52:Infinity":11,"s:54:2:54:Infinity":12}}}
,"/Users/archanray/xynes-gateway/src/config/env.ts": {"path":"/Users/archanray/xynes-gateway/src/config/env.ts","statementMap":{"0":{"start":{"line":4,"column":18},"end":{"line":7,"column":null}},"1":{"start":{"line":11,"column":22},"end":{"line":18,"column":null}}},"fnMap":{},"branchMap":{"0":{"loc":{"start":{"line":13,"column":18},"end":{"line":13,"column":null}},"type":"binary-expr","locations":[{"start":{"line":13,"column":18},"end":{"line":13,"column":46}},{"start":{"line":13,"column":46},"end":{"line":13,"column":null}}],"line":13},"1":{"loc":{"start":{"line":14,"column":10},"end":{"line":14,"column":null}},"type":"binary-expr","locations":[{"start":{"line":14,"column":10},"end":{"line":14,"column":30}},{"start":{"line":14,"column":30},"end":{"line":14,"column":null}}],"line":14},"2":{"loc":{"start":{"line":15,"column":21},"end":{"line":15,"column":null}},"type":"binary-expr","locations":[{"start":{"line":15,"column":21},"end":{"line":15,"column":52}},{"start":{"line":15,"column":52},"end":{"line":15,"column":null}}],"line":15},"3":{"loc":{"start":{"line":16,"column":23},"end":{"line":16,"column":null}},"type":"binary-expr","locations":[{"start":{"line":16,"column":23},"end":{"line":16,"column":56}},{"start":{"line":16,"column":56},"end":{"line":16,"column":null}}],"line":16},"4":{"loc":{"start":{"line":17,"column":18},"end":{"line":17,"column":null}},"type":"binary-expr","locations":[{"start":{"line":17,"column":18},"end":{"line":17,"column":46}},{"start":{"line":17,"column":46},"end":{"line":17,"column":null}}],"line":17}},"s":{"0":1,"1":1},"f":{},"b":{"0":[1,1],"1":[1,1],"2":[1,1],"3":[1,1],"4":[1,1]},"meta":{"lastBranch":5,"lastFunction":0,"lastStatement":2,"seen":{"s:4:18:7:Infinity":0,"s:11:22:18:Infinity":1,"b:13:18:13:46:13:46:13:Infinity":0,"b:14:10:14:30:14:30:14:Infinity":1,"b:15:21:15:52:15:52:15:Infinity":2,"b:16:23:16:56:16:56:16:Infinity":3,"b:17:18:17:46:17:46:17:Infinity":4}}}
,"/Users/archanray/xynes-gateway/src/data/routeRepository.ts": {"path":"/Users/archanray/xynes-gateway/src/data/routeRepository.ts","statementMap":{"0":{"start":{"line":12,"column":4},"end":{"line":12,"column":null}},"1":{"start":{"line":16,"column":4},"end":{"line":16,"column":null}}},"fnMap":{"0":{"name":"(anonymous_0)","decl":{"start":{"line":11,"column":2},"end":{"line":11,"column":14}},"loc":{"start":{"line":11,"column":43},"end":{"line":13,"column":null}},"line":11},"1":{"name":"(anonymous_1)","decl":{"start":{"line":15,"column":8},"end":{"line":15,"column":38}},"loc":{"start":{"line":15,"column":38},"end":{"line":17,"column":null}},"line":15}},"branchMap":{"0":{"loc":{"start":{"line":11,"column":14},"end":{"line":11,"column":43}},"type":"default-arg","locations":[{"start":{"line":11,"column":39},"end":{"line":11,"column":43}}],"line":11}},"s":{"0":3,"1":3},"f":{"0":3,"1":3},"b":{"0":[3]},"meta":{"lastBranch":1,"lastFunction":2,"lastStatement":2,"seen":{"f:11:2:11:14":0,"b:11:39:11:43":0,"s:12:4:12:Infinity":0,"f:15:8:15:38":1,"s:16:4:16:Infinity":1}}}
,"/Users/archanray/xynes-gateway/src/infra/config.ts": {"path":"/Users/archanray/xynes-gateway/src/infra/config.ts","statementMap":{"0":{"start":{"line":4,"column":22},"end":{"line":7,"column":null}}},"fnMap":{},"branchMap":{},"s":{"0":1},"f":{},"b":{},"meta":{"lastBranch":0,"lastFunction":0,"lastStatement":1,"seen":{"s:4:22:7:Infinity":0}}}
,"/Users/archanray/xynes-gateway/src/middleware/error-handler.ts": {"path":"/Users/archanray/xynes-gateway/src/middleware/error-handler.ts","statementMap":{"0":{"start":{"line":5,"column":28},"end":{"line":23,"column":null}},"1":{"start":{"line":6,"column":2},"end":{"line":6,"column":null}},"2":{"start":{"line":8,"column":2},"end":{"line":15,"column":null}},"3":{"start":{"line":9,"column":4},"end":{"line":14,"column":null}},"4":{"start":{"line":17,"column":2},"end":{"line":22,"column":null}}},"fnMap":{"0":{"name":"(anonymous_0)","decl":{"start":{"line":5,"column":28},"end":{"line":5,"column":35}},"loc":{"start":{"line":5,"column":62},"end":{"line":23,"column":null}},"line":5}},"branchMap":{"0":{"loc":{"start":{"line":8,"column":2},"end":{"line":15,"column":null}},"type":"if","locations":[{"start":{"line":8,"column":2},"end":{"line":15,"column":null}},{"start":{},"end":{}}],"line":8}},"s":{"0":2,"1":2,"2":2,"3":1,"4":1},"f":{"0":2},"b":{"0":[1,1]},"meta":{"lastBranch":1,"lastFunction":1,"lastStatement":5,"seen":{"s:5:28:23:Infinity":0,"f:5:28:5:35":0,"s:6:2:6:Infinity":1,"b:8:2:15:Infinity:undefined:undefined:undefined:undefined":0,"s:8:2:15:Infinity":2,"s:9:4:14:Infinity":3,"s:17:2:22:Infinity":4}}}
,"/Users/archanray/xynes-gateway/src/middleware/logger.ts": {"path":"/Users/archanray/xynes-gateway/src/middleware/logger.ts","statementMap":{"0":{"start":{"line":4,"column":22},"end":{"line":9,"column":null}},"1":{"start":{"line":5,"column":16},"end":{"line":5,"column":null}},"2":{"start":{"line":6,"column":2},"end":{"line":6,"column":null}},"3":{"start":{"line":7,"column":14},"end":{"line":7,"column":null}},"4":{"start":{"line":8,"column":2},"end":{"line":8,"column":null}}},"fnMap":{"0":{"name":"(anonymous_0)","decl":{"start":{"line":4,"column":22},"end":{"line":4,"column":29}},"loc":{"start":{"line":4,"column":56},"end":{"line":9,"column":null}},"line":4}},"branchMap":{},"s":{"0":1,"1":3,"2":3,"3":3,"4":3},"f":{"0":3},"b":{},"meta":{"lastBranch":0,"lastFunction":1,"lastStatement":5,"seen":{"s:4:22:9:Infinity":0,"f:4:22:4:29":0,"s:5:16:5:Infinity":1,"s:6:2:6:Infinity":2,"s:7:14:7:Infinity":3,"s:8:2:8:Infinity":4}}}
,"/Users/archanray/xynes-gateway/src/router/dynamicRouter.ts": {"path":"/Users/archanray/xynes-gateway/src/router/dynamicRouter.ts","statementMap":{"0":{"start":{"line":186,"column":11},"end":{"line":205,"column":null}},"1":{"start":{"line":10,"column":4},"end":{"line":10,"column":null}},"2":{"start":{"line":11,"column":4},"end":{"line":11,"column":null}},"3":{"start":{"line":18,"column":4},"end":{"line":27,"column":null}},"4":{"start":{"line":19,"column":6},"end":{"line":21,"column":null}},"5":{"start":{"line":20,"column":8},"end":{"line":20,"column":null}},"6":{"start":{"line":23,"column":21},"end":{"line":23,"column":null}},"7":{"start":{"line":24,"column":6},"end":{"line":26,"column":null}},"8":{"start":{"line":25,"column":8},"end":{"line":25,"column":null}},"9":{"start":{"line":28,"column":4},"end":{"line":28,"column":null}},"10":{"start":{"line":37,"column":22},"end":{"line":37,"column":null}},"11":{"start":{"line":37,"column":37},"end":{"line":37,"column":null}},"12":{"start":{"line":39,"column":28},"end":{"line":39,"column":null}},"13":{"start":{"line":40,"column":25},"end":{"line":40,"column":null}},"14":{"start":{"line":42,"column":4},"end":{"line":44,"column":null}},"15":{"start":{"line":43,"column":6},"end":{"line":43,"column":null}},"16":{"start":{"line":46,"column":43},"end":{"line":46,"column":null}},"17":{"start":{"line":48,"column":4},"end":{"line":62,"column":null}},"18":{"start":{"line":48,"column":17},"end":{"line":48,"column":20}},"19":{"start":{"line":49,"column":25},"end":{"line":49,"column":null}},"20":{"start":{"line":50,"column":22},"end":{"line":50,"column":null}},"21":{"start":{"line":52,"column":6},"end":{"line":52,"column":null}},"22":{"start":{"line":52,"column":35},"end":{"line":52,"column":null}},"23":{"start":{"line":54,"column":6},"end":{"line":61,"column":null}},"24":{"start":{"line":55,"column":26},"end":{"line":55,"column":null}},"25":{"start":{"line":56,"column":8},"end":{"line":56,"column":null}},"26":{"start":{"line":58,"column":8},"end":{"line":60,"column":null}},"27":{"start":{"line":59,"column":10},"end":{"line":59,"column":null}},"28":{"start":{"line":64,"column":4},"end":{"line":64,"column":null}},"29":{"start":{"line":71,"column":30},"end":{"line":71,"column":null}},"30":{"start":{"line":74,"column":4},"end":{"line":76,"column":null}},"31":{"start":{"line":75,"column":6},"end":{"line":75,"column":null}},"32":{"start":{"line":78,"column":19},"end":{"line":78,"column":null}},"33":{"start":{"line":79,"column":4},"end":{"line":82,"column":null}},"34":{"start":{"line":80,"column":6},"end":{"line":80,"column":null}},"35":{"start":{"line":81,"column":6},"end":{"line":81,"column":null}},"36":{"start":{"line":84,"column":24},"end":{"line":84,"column":null}},"37":{"start":{"line":85,"column":4},"end":{"line":88,"column":null}},"38":{"start":{"line":86,"column":7},"end":{"line":86,"column":null}},"39":{"start":{"line":87,"column":7},"end":{"line":87,"column":null}},"40":{"start":{"line":90,"column":4},"end":{"line":90,"column":null}},"41":{"start":{"line":97,"column":30},"end":{"line":97,"column":null}},"42":{"start":{"line":98,"column":38},"end":{"line":98,"column":null}},"43":{"start":{"line":100,"column":4},"end":{"line":103,"column":null}},"44":{"start":{"line":101,"column":7},"end":{"line":101,"column":null}},"45":{"start":{"line":102,"column":7},"end":{"line":102,"column":null}},"46":{"start":{"line":106,"column":21},"end":{"line":106,"column":null}},"47":{"start":{"line":107,"column":4},"end":{"line":118,"column":null}},"48":{"start":{"line":109,"column":12},"end":{"line":109,"column":null}},"49":{"start":{"line":110,"column":12},"end":{"line":110,"column":null}},"50":{"start":{"line":112,"column":12},"end":{"line":112,"column":null}},"51":{"start":{"line":113,"column":12},"end":{"line":113,"column":null}},"52":{"start":{"line":115,"column":13},"end":{"line":115,"column":null}},"53":{"start":{"line":117,"column":13},"end":{"line":117,"column":null}},"54":{"start":{"line":126,"column":25},"end":{"line":126,"column":null}},"55":{"start":{"line":127,"column":4},"end":{"line":134,"column":null}},"56":{"start":{"line":128,"column":8},"end":{"line":128,"column":null}},"57":{"start":{"line":129,"column":4},"end":{"line":134,"column":null}},"58":{"start":{"line":130,"column":8},"end":{"line":130,"column":null}},"59":{"start":{"line":133,"column":8},"end":{"line":133,"column":null}},"60":{"start":{"line":137,"column":15},"end":{"line":137,"column":null}},"61":{"start":{"line":138,"column":4},"end":{"line":144,"column":null}},"62":{"start":{"line":139,"column":8},"end":{"line":143,"column":null}},"63":{"start":{"line":140,"column":12},"end":{"line":140,"column":null}},"64":{"start":{"line":146,"column":26},"end":{"line":153,"column":null}},"65":{"start":{"line":156,"column":20},"end":{"line":156,"column":null}},"66":{"start":{"line":157,"column":4},"end":{"line":157,"column":null}},"67":{"start":{"line":159,"column":19},"end":{"line":159,"column":null}},"68":{"start":{"line":160,"column":4},"end":{"line":162,"column":null}},"69":{"start":{"line":161,"column":8},"end":{"line":161,"column":null}},"70":{"start":{"line":164,"column":4},"end":{"line":166,"column":null}},"71":{"start":{"line":165,"column":8},"end":{"line":165,"column":null}},"72":{"start":{"line":168,"column":4},"end":{"line":183,"column":null}},"73":{"start":{"line":169,"column":25},"end":{"line":173,"column":null}},"74":{"start":{"line":178,"column":8},"end":{"line":178,"column":null}},"75":{"start":{"line":181,"column":8},"end":{"line":181,"column":null}},"76":{"start":{"line":182,"column":9},"end":{"line":182,"column":null}},"77":{"start":{"line":187,"column":20},"end":{"line":187,"column":null}},"78":{"start":{"line":188,"column":6},"end":{"line":203,"column":null}},"79":{"start":{"line":189,"column":29},"end":{"line":189,"column":null}},"80":{"start":{"line":190,"column":10},"end":{"line":192,"column":null}},"81":{"start":{"line":191,"column":14},"end":{"line":191,"column":null}},"82":{"start":{"line":194,"column":27},"end":{"line":194,"column":null}},"83":{"start":{"line":202,"column":10},"end":{"line":202,"column":null}},"84":{"start":{"line":204,"column":6},"end":{"line":204,"column":null}}},"fnMap":{"0":{"name":"(anonymous_0)","decl":{"start":{"line":9,"column":2},"end":{"line":9,"column":14}},"loc":{"start":{"line":9,"column":60},"end":{"line":12,"column":null}},"line":9},"1":{"name":"(anonymous_1)","decl":{"start":{"line":17,"column":2},"end":{"line":17,"column":12}},"loc":{"start":{"line":17,"column":61},"end":{"line":29,"column":null}},"line":17},"2":{"name":"(anonymous_2)","decl":{"start":{"line":35,"column":2},"end":{"line":35,"column":12}},"loc":{"start":{"line":35,"column":80},"end":{"line":65,"column":null}},"line":35},"3":{"name":"(anonymous_3)","decl":{"start":{"line":37,"column":22},"end":{"line":37,"column":23}},"loc":{"start":{"line":37,"column":37},"end":{"line":37,"column":null}},"line":37},"4":{"name":"(anonymous_4)","decl":{"start":{"line":70,"column":8},"end":{"line":70,"column":18}},"loc":{"start":{"line":70,"column":73},"end":{"line":91,"column":null}},"line":70},"5":{"name":"(anonymous_5)","decl":{"start":{"line":96,"column":8},"end":{"line":96,"column":21}},"loc":{"start":{"line":96,"column":108},"end":{"line":184,"column":null}},"line":96},"6":{"name":"(anonymous_6)","decl":{"start":{"line":186,"column":11},"end":{"line":186,"column":18}},"loc":{"start":{"line":186,"column":29},"end":{"line":205,"column":null}},"line":186}},"branchMap":{"0":{"loc":{"start":{"line":19,"column":6},"end":{"line":21,"column":null}},"type":"if","locations":[{"start":{"line":19,"column":6},"end":{"line":21,"column":null}},{"start":{},"end":{}}],"line":19},"1":{"loc":{"start":{"line":24,"column":6},"end":{"line":26,"column":null}},"type":"if","locations":[{"start":{"line":24,"column":6},"end":{"line":26,"column":null}},{"start":{},"end":{}}],"line":24},"2":{"loc":{"start":{"line":37,"column":37},"end":{"line":37,"column":null}},"type":"binary-expr","locations":[{"start":{"line":37,"column":37},"end":{"line":37,"column":61}},{"start":{"line":37,"column":61},"end":{"line":37,"column":null}}],"line":37},"3":{"loc":{"start":{"line":42,"column":4},"end":{"line":44,"column":null}},"type":"if","locations":[{"start":{"line":42,"column":4},"end":{"line":44,"column":null}},{"start":{},"end":{}}],"line":42},"4":{"loc":{"start":{"line":52,"column":6},"end":{"line":52,"column":null}},"type":"if","locations":[{"start":{"line":52,"column":6},"end":{"line":52,"column":null}},{"start":{},"end":{}}],"line":52},"5":{"loc":{"start":{"line":52,"column":10},"end":{"line":52,"column":35}},"type":"binary-expr","locations":[{"start":{"line":52,"column":10},"end":{"line":52,"column":25}},{"start":{"line":52,"column":25},"end":{"line":52,"column":35}}],"line":52},"6":{"loc":{"start":{"line":54,"column":6},"end":{"line":61,"column":null}},"type":"if","locations":[{"start":{"line":54,"column":6},"end":{"line":61,"column":null}},{"start":{"line":57,"column":13},"end":{"line":61,"column":null}}],"line":54},"7":{"loc":{"start":{"line":58,"column":8},"end":{"line":60,"column":null}},"type":"if","locations":[{"start":{"line":58,"column":8},"end":{"line":60,"column":null}},{"start":{},"end":{}}],"line":58},"8":{"loc":{"start":{"line":74,"column":4},"end":{"line":76,"column":null}},"type":"if","locations":[{"start":{"line":74,"column":4},"end":{"line":76,"column":null}},{"start":{},"end":{}}],"line":74},"9":{"loc":{"start":{"line":79,"column":4},"end":{"line":82,"column":null}},"type":"if","locations":[{"start":{"line":79,"column":4},"end":{"line":82,"column":null}},{"start":{},"end":{}}],"line":79},"10":{"loc":{"start":{"line":85,"column":4},"end":{"line":88,"column":null}},"type":"if","locations":[{"start":{"line":85,"column":4},"end":{"line":88,"column":null}},{"start":{},"end":{}}],"line":85},"11":{"loc":{"start":{"line":100,"column":4},"end":{"line":103,"column":null}},"type":"if","locations":[{"start":{"line":100,"column":4},"end":{"line":103,"column":null}},{"start":{},"end":{}}],"line":100},"12":{"loc":{"start":{"line":100,"column":8},"end":{"line":100,"column":35}},"type":"binary-expr","locations":[{"start":{"line":100,"column":8},"end":{"line":100,"column":23}},{"start":{"line":100,"column":23},"end":{"line":100,"column":35}}],"line":100},"13":{"loc":{"start":{"line":107,"column":4},"end":{"line":118,"column":null}},"type":"switch","locations":[{"start":{"line":108,"column":8},"end":{"line":110,"column":null}},{"start":{"line":111,"column":8},"end":{"line":113,"column":null}},{"start":{"line":114,"column":8},"end":{"line":117,"column":null}}],"line":107},"14":{"loc":{"start":{"line":109,"column":26},"end":{"line":109,"column":null}},"type":"binary-expr","locations":[{"start":{"line":109,"column":26},"end":{"line":109,"column":72}},{"start":{"line":109,"column":72},"end":{"line":109,"column":103}},{"start":{"line":109,"column":103},"end":{"line":109,"column":null}}],"line":109},"15":{"loc":{"start":{"line":112,"column":26},"end":{"line":112,"column":null}},"type":"binary-expr","locations":[{"start":{"line":112,"column":26},"end":{"line":112,"column":69}},{"start":{"line":112,"column":69},"end":{"line":112,"column":97}},{"start":{"line":112,"column":97},"end":{"line":112,"column":null}}],"line":112},"16":{"loc":{"start":{"line":127,"column":4},"end":{"line":134,"column":null}},"type":"if","locations":[{"start":{"line":127,"column":4},"end":{"line":134,"column":null}},{"start":{"line":129,"column":4},"end":{"line":134,"column":null}}],"line":127},"17":{"loc":{"start":{"line":129,"column":4},"end":{"line":134,"column":null}},"type":"if","locations":[{"start":{"line":129,"column":4},"end":{"line":134,"column":null}},{"start":{"line":131,"column":11},"end":{"line":134,"column":null}}],"line":129},"18":{"loc":{"start":{"line":138,"column":4},"end":{"line":144,"column":null}},"type":"if","locations":[{"start":{"line":138,"column":4},"end":{"line":144,"column":null}},{"start":{},"end":{}}],"line":138},"19":{"loc":{"start":{"line":138,"column":8},"end":{"line":138,"column":63}},"type":"binary-expr","locations":[{"start":{"line":138,"column":8},"end":{"line":138,"column":36}},{"start":{"line":138,"column":36},"end":{"line":138,"column":63}}],"line":138},"20":{"loc":{"start":{"line":160,"column":4},"end":{"line":162,"column":null}},"type":"if","locations":[{"start":{"line":160,"column":4},"end":{"line":162,"column":null}},{"start":{},"end":{}}],"line":160},"21":{"loc":{"start":{"line":164,"column":4},"end":{"line":166,"column":null}},"type":"if","locations":[{"start":{"line":164,"column":4},"end":{"line":166,"column":null}},{"start":{},"end":{}}],"line":164},"22":{"loc":{"start":{"line":164,"column":8},"end":{"line":164,"column":53}},"type":"binary-expr","locations":[{"start":{"line":164,"column":8},"end":{"line":164,"column":33}},{"start":{"line":164,"column":33},"end":{"line":164,"column":53}}],"line":164},"23":{"loc":{"start":{"line":188,"column":6},"end":{"line":203,"column":null}},"type":"if","locations":[{"start":{"line":188,"column":6},"end":{"line":203,"column":null}},{"start":{},"end":{}}],"line":188},"24":{"loc":{"start":{"line":190,"column":10},"end":{"line":192,"column":null}},"type":"if","locations":[{"start":{"line":190,"column":10},"end":{"line":192,"column":null}},{"start":{},"end":{}}],"line":190}},"s":{"0":2,"1":19,"2":19,"3":11,"4":22,"5":9,"6":13,"7":13,"8":7,"9":4,"10":14,"11":28,"12":14,"13":14,"14":14,"15":6,"16":8,"17":8,"18":8,"19":24,"20":24,"21":24,"22":0,"23":24,"24":8,"25":8,"26":16,"27":0,"28":8,"29":5,"30":5,"31":1,"32":4,"33":4,"34":1,"35":1,"36":3,"37":3,"38":0,"39":0,"40":3,"41":6,"42":6,"43":6,"44":1,"45":1,"46":5,"47":5,"48":4,"49":4,"50":0,"51":0,"52":1,"53":1,"54":4,"55":4,"56":4,"57":0,"58":0,"59":0,"60":4,"61":4,"62":3,"63":3,"64":4,"65":4,"66":4,"67":4,"68":4,"69":2,"70":4,"71":4,"72":4,"73":4,"74":3,"75":1,"76":1,"77":2,"78":2,"79":1,"80":1,"81":1,"82":0,"83":0,"84":1},"f":{"0":19,"1":11,"2":14,"3":28,"4":5,"5":6,"6":2},"b":{"0":[9,13],"1":[7,6],"2":[28,0],"3":[6,8],"4":[0,24],"5":[24,24],"6":[8,16],"7":[0,16],"8":[1,4],"9":[1,3],"10":[0,3],"11":[1,5],"12":[6,5],"13":[5,0,1],"14":[4,4,4],"15":[0,0,0],"16":[4,0],"17":[0,0],"18":[3,1],"19":[4,3],"20":[2,2],"21":[4,0],"22":[4,4],"23":[1,1],"24":[1,0]},"meta":{"lastBranch":25,"lastFunction":7,"lastStatement":85,"seen":{"s:186:11:205:Infinity":0,"f:9:2:9:14":0,"s:10:4:10:Infinity":1,"s:11:4:11:Infinity":2,"f:17:2:17:12":1,"s:18:4:27:Infinity":3,"b:19:6:21:Infinity:undefined:undefined:undefined:undefined":0,"s:19:6:21:Infinity":4,"s:20:8:20:Infinity":5,"s:23:21:23:Infinity":6,"b:24:6:26:Infinity:undefined:undefined:undefined:undefined":1,"s:24:6:26:Infinity":7,"s:25:8:25:Infinity":8,"s:28:4:28:Infinity":9,"f:35:2:35:12":2,"s:37:22:37:Infinity":10,"f:37:22:37:23":3,"s:37:37:37:Infinity":11,"b:37:37:37:61:37:61:37:Infinity":2,"s:39:28:39:Infinity":12,"s:40:25:40:Infinity":13,"b:42:4:44:Infinity:undefined:undefined:undefined:undefined":3,"s:42:4:44:Infinity":14,"s:43:6:43:Infinity":15,"s:46:43:46:Infinity":16,"s:48:4:62:Infinity":17,"s:48:17:48:20":18,"s:49:25:49:Infinity":19,"s:50:22:50:Infinity":20,"b:52:6:52:Infinity:undefined:undefined:undefined:undefined":4,"s:52:6:52:Infinity":21,"b:52:10:52:25:52:25:52:35":5,"s:52:35:52:Infinity":22,"b:54:6:61:Infinity:57:13:61:Infinity":6,"s:54:6:61:Infinity":23,"s:55:26:55:Infinity":24,"s:56:8:56:Infinity":25,"b:58:8:60:Infinity:undefined:undefined:undefined:undefined":7,"s:58:8:60:Infinity":26,"s:59:10:59:Infinity":27,"s:64:4:64:Infinity":28,"f:70:8:70:18":4,"s:71:30:71:Infinity":29,"b:74:4:76:Infinity:undefined:undefined:undefined:undefined":8,"s:74:4:76:Infinity":30,"s:75:6:75:Infinity":31,"s:78:19:78:Infinity":32,"b:79:4:82:Infinity:undefined:undefined:undefined:undefined":9,"s:79:4:82:Infinity":33,"s:80:6:80:Infinity":34,"s:81:6:81:Infinity":35,"s:84:24:84:Infinity":36,"b:85:4:88:Infinity:undefined:undefined:undefined:undefined":10,"s:85:4:88:Infinity":37,"s:86:7:86:Infinity":38,"s:87:7:87:Infinity":39,"s:90:4:90:Infinity":40,"f:96:8:96:21":5,"s:97:30:97:Infinity":41,"s:98:38:98:Infinity":42,"b:100:4:103:Infinity:undefined:undefined:undefined:undefined":11,"s:100:4:103:Infinity":43,"b:100:8:100:23:100:23:100:35":12,"s:101:7:101:Infinity":44,"s:102:7:102:Infinity":45,"s:106:21:106:Infinity":46,"b:108:8:110:Infinity:111:8:113:Infinity:114:8:117:Infinity":13,"s:107:4:118:Infinity":47,"s:109:12:109:Infinity":48,"b:109:26:109:72:109:72:109:103:109:103:109:Infinity":14,"s:110:12:110:Infinity":49,"s:112:12:112:Infinity":50,"b:112:26:112:69:112:69:112:97:112:97:112:Infinity":15,"s:113:12:113:Infinity":51,"s:115:13:115:Infinity":52,"s:117:13:117:Infinity":53,"s:126:25:126:Infinity":54,"b:127:4:134:Infinity:129:4:134:Infinity":16,"s:127:4:134:Infinity":55,"s:128:8:128:Infinity":56,"b:129:4:134:Infinity:131:11:134:Infinity":17,"s:129:4:134:Infinity":57,"s:130:8:130:Infinity":58,"s:133:8:133:Infinity":59,"s:137:15:137:Infinity":60,"b:138:4:144:Infinity:undefined:undefined:undefined:undefined":18,"s:138:4:144:Infinity":61,"b:138:8:138:36:138:36:138:63":19,"s:139:8:143:Infinity":62,"s:140:12:140:Infinity":63,"s:146:26:153:Infinity":64,"s:156:20:156:Infinity":65,"s:157:4:157:Infinity":66,"s:159:19:159:Infinity":67,"b:160:4:162:Infinity:undefined:undefined:undefined:undefined":20,"s:160:4:162:Infinity":68,"s:161:8:161:Infinity":69,"b:164:4:166:Infinity:undefined:undefined:undefined:undefined":21,"s:164:4:166:Infinity":70,"b:164:8:164:33:164:33:164:53":22,"s:165:8:165:Infinity":71,"s:168:4:183:Infinity":72,"s:169:25:173:Infinity":73,"s:178:8:178:Infinity":74,"s:181:8:181:Infinity":75,"s:182:9:182:Infinity":76,"f:186:11:186:18":6,"s:187:20:187:Infinity":77,"b:188:6:203:Infinity:undefined:undefined:undefined:undefined":23,"s:188:6:203:Infinity":78,"s:189:29:189:Infinity":79,"b:190:10:192:Infinity:undefined:undefined:undefined:undefined":24,"s:190:10:192:Infinity":80,"s:191:14:191:Infinity":81,"s:194:27:194:Infinity":82,"s:202:10:202:Infinity":83,"s:204:6:204:Infinity":84}}}
,"/Users/archanray/xynes-gateway/src/services/authzService.ts": {"path":"/Users/archanray/xynes-gateway/src/services/authzService.ts","statementMap":{"0":{"start":{"line":9,"column":4},"end":{"line":9,"column":null}},"1":{"start":{"line":13,"column":4},"end":{"line":31,"column":null}},"2":{"start":{"line":14,"column":23},"end":{"line":20,"column":null}},"3":{"start":{"line":22,"column":6},"end":{"line":24,"column":null}},"4":{"start":{"line":23,"column":8},"end":{"line":23,"column":null}},"5":{"start":{"line":26,"column":19},"end":{"line":26,"column":null}},"6":{"start":{"line":27,"column":6},"end":{"line":27,"column":null}},"7":{"start":{"line":29,"column":6},"end":{"line":29,"column":null}},"8":{"start":{"line":30,"column":6},"end":{"line":30,"column":null}}},"fnMap":{"0":{"name":"(anonymous_0)","decl":{"start":{"line":8,"column":2},"end":{"line":8,"column":14}},"loc":{"start":{"line":8,"column":58},"end":{"line":10,"column":null}},"line":8},"1":{"name":"(anonymous_1)","decl":{"start":{"line":12,"column":8},"end":{"line":12,"column":14}},"loc":{"start":{"line":12,"column":88},"end":{"line":32,"column":null}},"line":12}},"branchMap":{"0":{"loc":{"start":{"line":8,"column":14},"end":{"line":8,"column":58}},"type":"default-arg","locations":[{"start":{"line":8,"column":33},"end":{"line":8,"column":58}}],"line":8},"1":{"loc":{"start":{"line":22,"column":6},"end":{"line":24,"column":null}},"type":"if","locations":[{"start":{"line":22,"column":6},"end":{"line":24,"column":null}},{"start":{},"end":{}}],"line":22}},"s":{"0":7,"1":5,"2":5,"3":3,"4":1,"5":2,"6":2,"7":2,"8":2},"f":{"0":7,"1":5},"b":{"0":[7],"1":[1,2]},"meta":{"lastBranch":2,"lastFunction":2,"lastStatement":9,"seen":{"f:8:2:8:14":0,"b:8:33:8:58":0,"s:9:4:9:Infinity":0,"f:12:8:12:14":1,"s:13:4:31:Infinity":1,"s:14:23:20:Infinity":2,"b:22:6:24:Infinity:undefined:undefined:undefined:undefined":1,"s:22:6:24:Infinity":3,"s:23:8:23:Infinity":4,"s:26:19:26:Infinity":5,"s:27:6:27:Infinity":6,"s:29:6:29:Infinity":7,"s:30:6:30:Infinity":8}}}
,"/Users/archanray/xynes-gateway/src/services/proxyService.ts": {"path":"/Users/archanray/xynes-gateway/src/services/proxyService.ts","statementMap":{"0":{"start":{"line":8,"column":4},"end":{"line":8,"column":null}},"1":{"start":{"line":12,"column":30},"end":{"line":12,"column":null}},"2":{"start":{"line":13,"column":20},"end":{"line":13,"column":null}},"3":{"start":{"line":15,"column":4},"end":{"line":17,"column":null}},"4":{"start":{"line":16,"column":6},"end":{"line":16,"column":null}},"5":{"start":{"line":20,"column":20},"end":{"line":20,"column":null}},"6":{"start":{"line":21,"column":4},"end":{"line":23,"column":null}},"7":{"start":{"line":22,"column":6},"end":{"line":22,"column":null}},"8":{"start":{"line":25,"column":22},"end":{"line":25,"column":null}},"9":{"start":{"line":27,"column":20},"end":{"line":27,"column":null}},"10":{"start":{"line":28,"column":4},"end":{"line":30,"column":null}},"11":{"start":{"line":29,"column":6},"end":{"line":29,"column":null}},"12":{"start":{"line":33,"column":4},"end":{"line":33,"column":null}},"13":{"start":{"line":35,"column":4},"end":{"line":41,"column":null}}},"fnMap":{"0":{"name":"(anonymous_0)","decl":{"start":{"line":7,"column":2},"end":{"line":7,"column":14}},"loc":{"start":{"line":7,"column":50},"end":{"line":9,"column":null}},"line":7},"1":{"name":"(anonymous_1)","decl":{"start":{"line":11,"column":8},"end":{"line":11,"column":21}},"loc":{"start":{"line":11,"column":77},"end":{"line":42,"column":null}},"line":11}},"branchMap":{"0":{"loc":{"start":{"line":15,"column":4},"end":{"line":17,"column":null}},"type":"if","locations":[{"start":{"line":15,"column":4},"end":{"line":17,"column":null}},{"start":{},"end":{}}],"line":15},"1":{"loc":{"start":{"line":28,"column":4},"end":{"line":30,"column":null}},"type":"if","locations":[{"start":{"line":28,"column":4},"end":{"line":30,"column":null}},{"start":{},"end":{}}],"line":28},"2":{"loc":{"start":{"line":28,"column":8},"end":{"line":28,"column":53}},"type":"binary-expr","locations":[{"start":{"line":28,"column":8},"end":{"line":28,"column":33}},{"start":{"line":28,"column":33},"end":{"line":28,"column":53}}],"line":28}},"s":{"0":3,"1":3,"2":3,"3":3,"4":1,"5":2,"6":2,"7":3,"8":2,"9":2,"10":2,"11":2,"12":2,"13":2},"f":{"0":3,"1":3},"b":{"0":[1,2],"1":[2,0],"2":[2,2]},"meta":{"lastBranch":3,"lastFunction":2,"lastStatement":14,"seen":{"f:7:2:7:14":0,"s:8:4:8:Infinity":0,"f:11:8:11:21":1,"s:12:30:12:Infinity":1,"s:13:20:13:Infinity":2,"b:15:4:17:Infinity:undefined:undefined:undefined:undefined":0,"s:15:4:17:Infinity":3,"s:16:6:16:Infinity":4,"s:20:20:20:Infinity":5,"s:21:4:23:Infinity":6,"s:22:6:22:Infinity":7,"s:25:22:25:Infinity":8,"s:27:20:27:Infinity":9,"b:28:4:30:Infinity:undefined:undefined:undefined:undefined":1,"s:28:4:30:Infinity":10,"b:28:8:28:33:28:33:28:53":2,"s:29:6:29:Infinity":11,"s:33:4:33:Infinity":12,"s:35:4:41:Infinity":13}}}
,"/Users/archanray/xynes-gateway/src/types/index.ts": {"path":"/Users/archanray/xynes-gateway/src/types/index.ts","statementMap":{"0":{"start":{"line":4,"column":4},"end":{"line":4,"column":null}},"1":{"start":{"line":3,"column":21},"end":{"line":3,"column":45}},"2":{"start":{"line":3,"column":45},"end":{"line":3,"column":66}},"3":{"start":{"line":3,"column":66},"end":{"line":3,"column":87}},"4":{"start":{"line":5,"column":4},"end":{"line":5,"column":null}}},"fnMap":{"0":{"name":"(anonymous_0)","decl":{"start":{"line":3,"column":2},"end":{"line":3,"column":21}},"loc":{"start":{"line":3,"column":92},"end":{"line":6,"column":null}},"line":3}},"branchMap":{"0":{"loc":{"start":{"line":3,"column":66},"end":{"line":3,"column":92}},"type":"default-arg","locations":[{"start":{"line":3,"column":87},"end":{"line":3,"column":92}}],"line":3}},"s":{"0":1,"1":1,"2":1,"3":1,"4":1},"f":{"0":1},"b":{"0":[1]},"meta":{"lastBranch":1,"lastFunction":1,"lastStatement":5,"seen":{"f:3:2:3:21":0,"b:3:87:3:92":0,"s:4:4:4:Infinity":0,"s:3:21:3:45":1,"s:3:45:3:66":2,"s:3:66:3:87":3,"s:5:4:5:Infinity":4}}}
}
