{"/Users/archanray/xynes-gateway/src/app.ts": {"path":"/Users/archanray/xynes-gateway/src/app.ts","statementMap":{"0":{"start":{"line":11,"column":25},"end":{"line":55,"column":null}},"1":{"start":{"line":12,"column":14},"end":{"line":12,"column":null}},"2":{"start":{"line":15,"column":2},"end":{"line":15,"column":null}},"3":{"start":{"line":16,"column":2},"end":{"line":16,"column":null}},"4":{"start":{"line":19,"column":2},"end":{"line":19,"column":null}},"5":{"start":{"line":19,"column":28},"end":{"line":19,"column":52}},"6":{"start":{"line":22,"column":23},"end":{"line":22,"column":null}},"7":{"start":{"line":25,"column":33},"end":{"line":44,"column":null}},"8":{"start":{"line":46,"column":26},"end":{"line":46,"column":null}},"9":{"start":{"line":47,"column":17},"end":{"line":47,"column":null}},"10":{"start":{"line":49,"column":24},"end":{"line":49,"column":null}},"11":{"start":{"line":52,"column":2},"end":{"line":52,"column":null}},"12":{"start":{"line":54,"column":2},"end":{"line":54,"column":null}}},"fnMap":{"0":{"name":"(anonymous_0)","decl":{"start":{"line":11,"column":25},"end":{"line":11,"column":37}},"loc":{"start":{"line":11,"column":37},"end":{"line":55,"column":null}},"line":11},"1":{"name":"(anonymous_1)","decl":{"start":{"line":19,"column":21},"end":{"line":19,"column":22}},"loc":{"start":{"line":19,"column":28},"end":{"line":19,"column":52}},"line":19}},"branchMap":{},"s":{"0":1,"1":3,"2":3,"3":3,"4":3,"5":1,"6":3,"7":3,"8":3,"9":3,"10":3,"11":3,"12":3},"f":{"0":3,"1":1},"b":{},"meta":{"lastBranch":0,"lastFunction":2,"lastStatement":13,"seen":{"s:11:25:55:Infinity":0,"f:11:25:11:37":0,"s:12:14:12:Infinity":1,"s:15:2:15:Infinity":2,"s:16:2:16:Infinity":3,"s:19:2:19:Infinity":4,"f:19:21:19:22":1,"s:19:28:19:52":5,"s:22:23:22:Infinity":6,"s:25:33:44:Infinity":7,"s:46:26:46:Infinity":8,"s:47:17:47:Infinity":9,"s:49:24:49:Infinity":10,"s:52:2:52:Infinity":11,"s:54:2:54:Infinity":12}}}
,"/Users/archanray/xynes-gateway/src/config/env.ts": {"path":"/Users/archanray/xynes-gateway/src/config/env.ts","statementMap":{"0":{"start":{"line":4,"column":18},"end":{"line":7,"column":null}},"1":{"start":{"line":11,"column":22},"end":{"line":17,"column":null}}},"fnMap":{},"branchMap":{"0":{"loc":{"start":{"line":13,"column":18},"end":{"line":13,"column":null}},"type":"binary-expr","locations":[{"start":{"line":13,"column":18},"end":{"line":13,"column":46}},{"start":{"line":13,"column":46},"end":{"line":13,"column":null}}],"line":13},"1":{"loc":{"start":{"line":14,"column":10},"end":{"line":14,"column":null}},"type":"binary-expr","locations":[{"start":{"line":14,"column":10},"end":{"line":14,"column":30}},{"start":{"line":14,"column":30},"end":{"line":14,"column":null}}],"line":14},"2":{"loc":{"start":{"line":15,"column":21},"end":{"line":15,"column":null}},"type":"binary-expr","locations":[{"start":{"line":15,"column":21},"end":{"line":15,"column":52}},{"start":{"line":15,"column":52},"end":{"line":15,"column":null}}],"line":15},"3":{"loc":{"start":{"line":16,"column":23},"end":{"line":16,"column":null}},"type":"binary-expr","locations":[{"start":{"line":16,"column":23},"end":{"line":16,"column":56}},{"start":{"line":16,"column":56},"end":{"line":16,"column":null}}],"line":16}},"s":{"0":1,"1":1},"f":{},"b":{"0":[1,1],"1":[1,1],"2":[1,1],"3":[1,1]},"meta":{"lastBranch":4,"lastFunction":0,"lastStatement":2,"seen":{"s:4:18:7:Infinity":0,"s:11:22:17:Infinity":1,"b:13:18:13:46:13:46:13:Infinity":0,"b:14:10:14:30:14:30:14:Infinity":1,"b:15:21:15:52:15:52:15:Infinity":2,"b:16:23:16:56:16:56:16:Infinity":3}}}
,"/Users/archanray/xynes-gateway/src/data/routeRepository.ts": {"path":"/Users/archanray/xynes-gateway/src/data/routeRepository.ts","statementMap":{"0":{"start":{"line":12,"column":4},"end":{"line":12,"column":null}},"1":{"start":{"line":16,"column":4},"end":{"line":16,"column":null}}},"fnMap":{"0":{"name":"(anonymous_0)","decl":{"start":{"line":11,"column":2},"end":{"line":11,"column":14}},"loc":{"start":{"line":11,"column":43},"end":{"line":13,"column":null}},"line":11},"1":{"name":"(anonymous_1)","decl":{"start":{"line":15,"column":8},"end":{"line":15,"column":38}},"loc":{"start":{"line":15,"column":38},"end":{"line":17,"column":null}},"line":15}},"branchMap":{"0":{"loc":{"start":{"line":11,"column":14},"end":{"line":11,"column":43}},"type":"default-arg","locations":[{"start":{"line":11,"column":39},"end":{"line":11,"column":43}}],"line":11}},"s":{"0":3,"1":3},"f":{"0":3,"1":3},"b":{"0":[3]},"meta":{"lastBranch":1,"lastFunction":2,"lastStatement":2,"seen":{"f:11:2:11:14":0,"b:11:39:11:43":0,"s:12:4:12:Infinity":0,"f:15:8:15:38":1,"s:16:4:16:Infinity":1}}}
,"/Users/archanray/xynes-gateway/src/infra/config.ts": {"path":"/Users/archanray/xynes-gateway/src/infra/config.ts","statementMap":{"0":{"start":{"line":4,"column":22},"end":{"line":7,"column":null}}},"fnMap":{},"branchMap":{},"s":{"0":1},"f":{},"b":{},"meta":{"lastBranch":0,"lastFunction":0,"lastStatement":1,"seen":{"s:4:22:7:Infinity":0}}}
,"/Users/archanray/xynes-gateway/src/middleware/error-handler.ts": {"path":"/Users/archanray/xynes-gateway/src/middleware/error-handler.ts","statementMap":{"0":{"start":{"line":5,"column":28},"end":{"line":23,"column":null}},"1":{"start":{"line":6,"column":2},"end":{"line":6,"column":null}},"2":{"start":{"line":8,"column":2},"end":{"line":15,"column":null}},"3":{"start":{"line":9,"column":4},"end":{"line":14,"column":null}},"4":{"start":{"line":17,"column":2},"end":{"line":22,"column":null}}},"fnMap":{"0":{"name":"(anonymous_0)","decl":{"start":{"line":5,"column":28},"end":{"line":5,"column":35}},"loc":{"start":{"line":5,"column":62},"end":{"line":23,"column":null}},"line":5}},"branchMap":{"0":{"loc":{"start":{"line":8,"column":2},"end":{"line":15,"column":null}},"type":"if","locations":[{"start":{"line":8,"column":2},"end":{"line":15,"column":null}},{"start":{},"end":{}}],"line":8}},"s":{"0":2,"1":2,"2":2,"3":1,"4":1},"f":{"0":2},"b":{"0":[1,1]},"meta":{"lastBranch":1,"lastFunction":1,"lastStatement":5,"seen":{"s:5:28:23:Infinity":0,"f:5:28:5:35":0,"s:6:2:6:Infinity":1,"b:8:2:15:Infinity:undefined:undefined:undefined:undefined":0,"s:8:2:15:Infinity":2,"s:9:4:14:Infinity":3,"s:17:2:22:Infinity":4}}}
,"/Users/archanray/xynes-gateway/src/middleware/logger.ts": {"path":"/Users/archanray/xynes-gateway/src/middleware/logger.ts","statementMap":{"0":{"start":{"line":4,"column":22},"end":{"line":9,"column":null}},"1":{"start":{"line":5,"column":16},"end":{"line":5,"column":null}},"2":{"start":{"line":6,"column":2},"end":{"line":6,"column":null}},"3":{"start":{"line":7,"column":14},"end":{"line":7,"column":null}},"4":{"start":{"line":8,"column":2},"end":{"line":8,"column":null}}},"fnMap":{"0":{"name":"(anonymous_0)","decl":{"start":{"line":4,"column":22},"end":{"line":4,"column":29}},"loc":{"start":{"line":4,"column":56},"end":{"line":9,"column":null}},"line":4}},"branchMap":{},"s":{"0":1,"1":3,"2":3,"3":3,"4":3},"f":{"0":3},"b":{},"meta":{"lastBranch":0,"lastFunction":1,"lastStatement":5,"seen":{"s:4:22:9:Infinity":0,"f:4:22:4:29":0,"s:5:16:5:Infinity":1,"s:6:2:6:Infinity":2,"s:7:14:7:Infinity":3,"s:8:2:8:Infinity":4}}}
,"/Users/archanray/xynes-gateway/src/router/dynamicRouter.ts": {"path":"/Users/archanray/xynes-gateway/src/router/dynamicRouter.ts","statementMap":{"0":{"start":{"line":93,"column":11},"end":{"line":114,"column":null}},"1":{"start":{"line":10,"column":4},"end":{"line":10,"column":null}},"2":{"start":{"line":11,"column":4},"end":{"line":11,"column":null}},"3":{"start":{"line":18,"column":4},"end":{"line":27,"column":null}},"4":{"start":{"line":19,"column":6},"end":{"line":21,"column":null}},"5":{"start":{"line":20,"column":8},"end":{"line":20,"column":null}},"6":{"start":{"line":23,"column":21},"end":{"line":23,"column":null}},"7":{"start":{"line":24,"column":6},"end":{"line":26,"column":null}},"8":{"start":{"line":25,"column":8},"end":{"line":25,"column":null}},"9":{"start":{"line":28,"column":4},"end":{"line":28,"column":null}},"10":{"start":{"line":37,"column":22},"end":{"line":37,"column":null}},"11":{"start":{"line":37,"column":37},"end":{"line":37,"column":null}},"12":{"start":{"line":39,"column":28},"end":{"line":39,"column":null}},"13":{"start":{"line":40,"column":25},"end":{"line":40,"column":null}},"14":{"start":{"line":42,"column":4},"end":{"line":44,"column":null}},"15":{"start":{"line":43,"column":6},"end":{"line":43,"column":null}},"16":{"start":{"line":46,"column":43},"end":{"line":46,"column":null}},"17":{"start":{"line":48,"column":4},"end":{"line":62,"column":null}},"18":{"start":{"line":48,"column":17},"end":{"line":48,"column":20}},"19":{"start":{"line":49,"column":25},"end":{"line":49,"column":null}},"20":{"start":{"line":50,"column":22},"end":{"line":50,"column":null}},"21":{"start":{"line":52,"column":6},"end":{"line":52,"column":null}},"22":{"start":{"line":52,"column":35},"end":{"line":52,"column":null}},"23":{"start":{"line":54,"column":6},"end":{"line":61,"column":null}},"24":{"start":{"line":55,"column":26},"end":{"line":55,"column":null}},"25":{"start":{"line":56,"column":8},"end":{"line":56,"column":null}},"26":{"start":{"line":58,"column":8},"end":{"line":60,"column":null}},"27":{"start":{"line":59,"column":10},"end":{"line":59,"column":null}},"28":{"start":{"line":64,"column":4},"end":{"line":64,"column":null}},"29":{"start":{"line":71,"column":30},"end":{"line":71,"column":null}},"30":{"start":{"line":74,"column":4},"end":{"line":76,"column":null}},"31":{"start":{"line":75,"column":6},"end":{"line":75,"column":null}},"32":{"start":{"line":78,"column":19},"end":{"line":78,"column":null}},"33":{"start":{"line":79,"column":4},"end":{"line":82,"column":null}},"34":{"start":{"line":80,"column":6},"end":{"line":80,"column":null}},"35":{"start":{"line":81,"column":6},"end":{"line":81,"column":null}},"36":{"start":{"line":84,"column":24},"end":{"line":84,"column":null}},"37":{"start":{"line":85,"column":4},"end":{"line":88,"column":null}},"38":{"start":{"line":86,"column":7},"end":{"line":86,"column":null}},"39":{"start":{"line":87,"column":7},"end":{"line":87,"column":null}},"40":{"start":{"line":90,"column":4},"end":{"line":90,"column":null}},"41":{"start":{"line":94,"column":20},"end":{"line":94,"column":null}},"42":{"start":{"line":95,"column":6},"end":{"line":112,"column":null}},"43":{"start":{"line":106,"column":29},"end":{"line":106,"column":null}},"44":{"start":{"line":107,"column":10},"end":{"line":109,"column":null}},"45":{"start":{"line":108,"column":14},"end":{"line":108,"column":null}},"46":{"start":{"line":111,"column":10},"end":{"line":111,"column":null}},"47":{"start":{"line":113,"column":6},"end":{"line":113,"column":null}}},"fnMap":{"0":{"name":"(anonymous_0)","decl":{"start":{"line":9,"column":2},"end":{"line":9,"column":14}},"loc":{"start":{"line":9,"column":60},"end":{"line":12,"column":null}},"line":9},"1":{"name":"(anonymous_1)","decl":{"start":{"line":17,"column":2},"end":{"line":17,"column":12}},"loc":{"start":{"line":17,"column":61},"end":{"line":29,"column":null}},"line":17},"2":{"name":"(anonymous_2)","decl":{"start":{"line":35,"column":2},"end":{"line":35,"column":12}},"loc":{"start":{"line":35,"column":80},"end":{"line":65,"column":null}},"line":35},"3":{"name":"(anonymous_3)","decl":{"start":{"line":37,"column":22},"end":{"line":37,"column":23}},"loc":{"start":{"line":37,"column":37},"end":{"line":37,"column":null}},"line":37},"4":{"name":"(anonymous_4)","decl":{"start":{"line":70,"column":8},"end":{"line":70,"column":18}},"loc":{"start":{"line":70,"column":73},"end":{"line":91,"column":null}},"line":70},"5":{"name":"(anonymous_5)","decl":{"start":{"line":93,"column":11},"end":{"line":93,"column":18}},"loc":{"start":{"line":93,"column":29},"end":{"line":114,"column":null}},"line":93}},"branchMap":{"0":{"loc":{"start":{"line":19,"column":6},"end":{"line":21,"column":null}},"type":"if","locations":[{"start":{"line":19,"column":6},"end":{"line":21,"column":null}},{"start":{},"end":{}}],"line":19},"1":{"loc":{"start":{"line":24,"column":6},"end":{"line":26,"column":null}},"type":"if","locations":[{"start":{"line":24,"column":6},"end":{"line":26,"column":null}},{"start":{},"end":{}}],"line":24},"2":{"loc":{"start":{"line":37,"column":37},"end":{"line":37,"column":null}},"type":"binary-expr","locations":[{"start":{"line":37,"column":37},"end":{"line":37,"column":61}},{"start":{"line":37,"column":61},"end":{"line":37,"column":null}}],"line":37},"3":{"loc":{"start":{"line":42,"column":4},"end":{"line":44,"column":null}},"type":"if","locations":[{"start":{"line":42,"column":4},"end":{"line":44,"column":null}},{"start":{},"end":{}}],"line":42},"4":{"loc":{"start":{"line":52,"column":6},"end":{"line":52,"column":null}},"type":"if","locations":[{"start":{"line":52,"column":6},"end":{"line":52,"column":null}},{"start":{},"end":{}}],"line":52},"5":{"loc":{"start":{"line":52,"column":10},"end":{"line":52,"column":35}},"type":"binary-expr","locations":[{"start":{"line":52,"column":10},"end":{"line":52,"column":25}},{"start":{"line":52,"column":25},"end":{"line":52,"column":35}}],"line":52},"6":{"loc":{"start":{"line":54,"column":6},"end":{"line":61,"column":null}},"type":"if","locations":[{"start":{"line":54,"column":6},"end":{"line":61,"column":null}},{"start":{"line":57,"column":13},"end":{"line":61,"column":null}}],"line":54},"7":{"loc":{"start":{"line":58,"column":8},"end":{"line":60,"column":null}},"type":"if","locations":[{"start":{"line":58,"column":8},"end":{"line":60,"column":null}},{"start":{},"end":{}}],"line":58},"8":{"loc":{"start":{"line":74,"column":4},"end":{"line":76,"column":null}},"type":"if","locations":[{"start":{"line":74,"column":4},"end":{"line":76,"column":null}},{"start":{},"end":{}}],"line":74},"9":{"loc":{"start":{"line":79,"column":4},"end":{"line":82,"column":null}},"type":"if","locations":[{"start":{"line":79,"column":4},"end":{"line":82,"column":null}},{"start":{},"end":{}}],"line":79},"10":{"loc":{"start":{"line":85,"column":4},"end":{"line":88,"column":null}},"type":"if","locations":[{"start":{"line":85,"column":4},"end":{"line":88,"column":null}},{"start":{},"end":{}}],"line":85},"11":{"loc":{"start":{"line":95,"column":6},"end":{"line":112,"column":null}},"type":"if","locations":[{"start":{"line":95,"column":6},"end":{"line":112,"column":null}},{"start":{},"end":{}}],"line":95},"12":{"loc":{"start":{"line":107,"column":10},"end":{"line":109,"column":null}},"type":"if","locations":[{"start":{"line":107,"column":10},"end":{"line":109,"column":null}},{"start":{},"end":{}}],"line":107}},"s":{"0":2,"1":13,"2":13,"3":11,"4":22,"5":9,"6":13,"7":13,"8":7,"9":4,"10":14,"11":28,"12":14,"13":14,"14":14,"15":6,"16":8,"17":8,"18":8,"19":24,"20":24,"21":24,"22":0,"23":24,"24":8,"25":8,"26":16,"27":0,"28":8,"29":5,"30":5,"31":1,"32":4,"33":4,"34":1,"35":1,"36":3,"37":3,"38":0,"39":0,"40":3,"41":2,"42":2,"43":1,"44":1,"45":1,"46":0,"47":1},"f":{"0":13,"1":11,"2":14,"3":28,"4":5,"5":2},"b":{"0":[9,13],"1":[7,6],"2":[28,0],"3":[6,8],"4":[0,24],"5":[24,24],"6":[8,16],"7":[0,16],"8":[1,4],"9":[1,3],"10":[0,3],"11":[1,1],"12":[1,0]},"meta":{"lastBranch":13,"lastFunction":6,"lastStatement":48,"seen":{"s:93:11:114:Infinity":0,"f:9:2:9:14":0,"s:10:4:10:Infinity":1,"s:11:4:11:Infinity":2,"f:17:2:17:12":1,"s:18:4:27:Infinity":3,"b:19:6:21:Infinity:undefined:undefined:undefined:undefined":0,"s:19:6:21:Infinity":4,"s:20:8:20:Infinity":5,"s:23:21:23:Infinity":6,"b:24:6:26:Infinity:undefined:undefined:undefined:undefined":1,"s:24:6:26:Infinity":7,"s:25:8:25:Infinity":8,"s:28:4:28:Infinity":9,"f:35:2:35:12":2,"s:37:22:37:Infinity":10,"f:37:22:37:23":3,"s:37:37:37:Infinity":11,"b:37:37:37:61:37:61:37:Infinity":2,"s:39:28:39:Infinity":12,"s:40:25:40:Infinity":13,"b:42:4:44:Infinity:undefined:undefined:undefined:undefined":3,"s:42:4:44:Infinity":14,"s:43:6:43:Infinity":15,"s:46:43:46:Infinity":16,"s:48:4:62:Infinity":17,"s:48:17:48:20":18,"s:49:25:49:Infinity":19,"s:50:22:50:Infinity":20,"b:52:6:52:Infinity:undefined:undefined:undefined:undefined":4,"s:52:6:52:Infinity":21,"b:52:10:52:25:52:25:52:35":5,"s:52:35:52:Infinity":22,"b:54:6:61:Infinity:57:13:61:Infinity":6,"s:54:6:61:Infinity":23,"s:55:26:55:Infinity":24,"s:56:8:56:Infinity":25,"b:58:8:60:Infinity:undefined:undefined:undefined:undefined":7,"s:58:8:60:Infinity":26,"s:59:10:59:Infinity":27,"s:64:4:64:Infinity":28,"f:70:8:70:18":4,"s:71:30:71:Infinity":29,"b:74:4:76:Infinity:undefined:undefined:undefined:undefined":8,"s:74:4:76:Infinity":30,"s:75:6:75:Infinity":31,"s:78:19:78:Infinity":32,"b:79:4:82:Infinity:undefined:undefined:undefined:undefined":9,"s:79:4:82:Infinity":33,"s:80:6:80:Infinity":34,"s:81:6:81:Infinity":35,"s:84:24:84:Infinity":36,"b:85:4:88:Infinity:undefined:undefined:undefined:undefined":10,"s:85:4:88:Infinity":37,"s:86:7:86:Infinity":38,"s:87:7:87:Infinity":39,"s:90:4:90:Infinity":40,"f:93:11:93:18":5,"s:94:20:94:Infinity":41,"b:95:6:112:Infinity:undefined:undefined:undefined:undefined":11,"s:95:6:112:Infinity":42,"s:106:29:106:Infinity":43,"b:107:10:109:Infinity:undefined:undefined:undefined:undefined":12,"s:107:10:109:Infinity":44,"s:108:14:108:Infinity":45,"s:111:10:111:Infinity":46,"s:113:6:113:Infinity":47}}}
,"/Users/archanray/xynes-gateway/src/services/authzService.ts": {"path":"/Users/archanray/xynes-gateway/src/services/authzService.ts","statementMap":{"0":{"start":{"line":9,"column":4},"end":{"line":9,"column":null}},"1":{"start":{"line":13,"column":4},"end":{"line":31,"column":null}},"2":{"start":{"line":14,"column":23},"end":{"line":20,"column":null}},"3":{"start":{"line":22,"column":6},"end":{"line":24,"column":null}},"4":{"start":{"line":23,"column":8},"end":{"line":23,"column":null}},"5":{"start":{"line":26,"column":19},"end":{"line":26,"column":null}},"6":{"start":{"line":27,"column":6},"end":{"line":27,"column":null}},"7":{"start":{"line":29,"column":6},"end":{"line":29,"column":null}},"8":{"start":{"line":30,"column":6},"end":{"line":30,"column":null}}},"fnMap":{"0":{"name":"(anonymous_0)","decl":{"start":{"line":8,"column":2},"end":{"line":8,"column":14}},"loc":{"start":{"line":8,"column":58},"end":{"line":10,"column":null}},"line":8},"1":{"name":"(anonymous_1)","decl":{"start":{"line":12,"column":8},"end":{"line":12,"column":14}},"loc":{"start":{"line":12,"column":88},"end":{"line":32,"column":null}},"line":12}},"branchMap":{"0":{"loc":{"start":{"line":8,"column":14},"end":{"line":8,"column":58}},"type":"default-arg","locations":[{"start":{"line":8,"column":33},"end":{"line":8,"column":58}}],"line":8},"1":{"loc":{"start":{"line":22,"column":6},"end":{"line":24,"column":null}},"type":"if","locations":[{"start":{"line":22,"column":6},"end":{"line":24,"column":null}},{"start":{},"end":{}}],"line":22}},"s":{"0":7,"1":5,"2":5,"3":3,"4":1,"5":2,"6":2,"7":2,"8":2},"f":{"0":7,"1":5},"b":{"0":[7],"1":[1,2]},"meta":{"lastBranch":2,"lastFunction":2,"lastStatement":9,"seen":{"f:8:2:8:14":0,"b:8:33:8:58":0,"s:9:4:9:Infinity":0,"f:12:8:12:14":1,"s:13:4:31:Infinity":1,"s:14:23:20:Infinity":2,"b:22:6:24:Infinity:undefined:undefined:undefined:undefined":1,"s:22:6:24:Infinity":3,"s:23:8:23:Infinity":4,"s:26:19:26:Infinity":5,"s:27:6:27:Infinity":6,"s:29:6:29:Infinity":7,"s:30:6:30:Infinity":8}}}
,"/Users/archanray/xynes-gateway/src/services/proxyService.ts": {"path":"/Users/archanray/xynes-gateway/src/services/proxyService.ts","statementMap":{"0":{"start":{"line":8,"column":4},"end":{"line":8,"column":null}},"1":{"start":{"line":12,"column":30},"end":{"line":12,"column":null}},"2":{"start":{"line":13,"column":20},"end":{"line":13,"column":null}},"3":{"start":{"line":15,"column":4},"end":{"line":17,"column":null}},"4":{"start":{"line":16,"column":6},"end":{"line":16,"column":null}},"5":{"start":{"line":20,"column":20},"end":{"line":20,"column":null}},"6":{"start":{"line":21,"column":4},"end":{"line":23,"column":null}},"7":{"start":{"line":22,"column":6},"end":{"line":22,"column":null}},"8":{"start":{"line":25,"column":22},"end":{"line":25,"column":null}},"9":{"start":{"line":27,"column":20},"end":{"line":27,"column":null}},"10":{"start":{"line":28,"column":4},"end":{"line":30,"column":null}},"11":{"start":{"line":29,"column":6},"end":{"line":29,"column":null}},"12":{"start":{"line":33,"column":4},"end":{"line":33,"column":null}},"13":{"start":{"line":35,"column":4},"end":{"line":41,"column":null}}},"fnMap":{"0":{"name":"(anonymous_0)","decl":{"start":{"line":7,"column":2},"end":{"line":7,"column":14}},"loc":{"start":{"line":7,"column":50},"end":{"line":9,"column":null}},"line":7},"1":{"name":"(anonymous_1)","decl":{"start":{"line":11,"column":8},"end":{"line":11,"column":21}},"loc":{"start":{"line":11,"column":77},"end":{"line":42,"column":null}},"line":11}},"branchMap":{"0":{"loc":{"start":{"line":15,"column":4},"end":{"line":17,"column":null}},"type":"if","locations":[{"start":{"line":15,"column":4},"end":{"line":17,"column":null}},{"start":{},"end":{}}],"line":15},"1":{"loc":{"start":{"line":28,"column":4},"end":{"line":30,"column":null}},"type":"if","locations":[{"start":{"line":28,"column":4},"end":{"line":30,"column":null}},{"start":{},"end":{}}],"line":28},"2":{"loc":{"start":{"line":28,"column":8},"end":{"line":28,"column":53}},"type":"binary-expr","locations":[{"start":{"line":28,"column":8},"end":{"line":28,"column":33}},{"start":{"line":28,"column":33},"end":{"line":28,"column":53}}],"line":28}},"s":{"0":3,"1":3,"2":3,"3":3,"4":1,"5":2,"6":2,"7":3,"8":2,"9":2,"10":2,"11":2,"12":2,"13":2},"f":{"0":3,"1":3},"b":{"0":[1,2],"1":[2,0],"2":[2,2]},"meta":{"lastBranch":3,"lastFunction":2,"lastStatement":14,"seen":{"f:7:2:7:14":0,"s:8:4:8:Infinity":0,"f:11:8:11:21":1,"s:12:30:12:Infinity":1,"s:13:20:13:Infinity":2,"b:15:4:17:Infinity:undefined:undefined:undefined:undefined":0,"s:15:4:17:Infinity":3,"s:16:6:16:Infinity":4,"s:20:20:20:Infinity":5,"s:21:4:23:Infinity":6,"s:22:6:22:Infinity":7,"s:25:22:25:Infinity":8,"s:27:20:27:Infinity":9,"b:28:4:30:Infinity:undefined:undefined:undefined:undefined":1,"s:28:4:30:Infinity":10,"b:28:8:28:33:28:33:28:53":2,"s:29:6:29:Infinity":11,"s:33:4:33:Infinity":12,"s:35:4:41:Infinity":13}}}
,"/Users/archanray/xynes-gateway/src/types/index.ts": {"path":"/Users/archanray/xynes-gateway/src/types/index.ts","statementMap":{"0":{"start":{"line":4,"column":4},"end":{"line":4,"column":null}},"1":{"start":{"line":3,"column":21},"end":{"line":3,"column":45}},"2":{"start":{"line":3,"column":45},"end":{"line":3,"column":66}},"3":{"start":{"line":3,"column":66},"end":{"line":3,"column":87}},"4":{"start":{"line":5,"column":4},"end":{"line":5,"column":null}}},"fnMap":{"0":{"name":"(anonymous_0)","decl":{"start":{"line":3,"column":2},"end":{"line":3,"column":21}},"loc":{"start":{"line":3,"column":92},"end":{"line":6,"column":null}},"line":3}},"branchMap":{"0":{"loc":{"start":{"line":3,"column":66},"end":{"line":3,"column":92}},"type":"default-arg","locations":[{"start":{"line":3,"column":87},"end":{"line":3,"column":92}}],"line":3}},"s":{"0":1,"1":1,"2":1,"3":1,"4":1},"f":{"0":1},"b":{"0":[1]},"meta":{"lastBranch":1,"lastFunction":1,"lastStatement":5,"seen":{"f:3:2:3:21":0,"b:3:87:3:92":0,"s:4:4:4:Infinity":0,"s:3:21:3:45":1,"s:3:45:3:66":2,"s:3:66:3:87":3,"s:5:4:5:Infinity":4}}}
}
